[25-May-2022 09:34:49 UTC] PHP Warning:  PHP Startup: Unable to load dynamic library 'php_imagick.dll' (tried: C:/Users/CJ/AppData/Local/Programs/Local/resources/extraResources/lightning-services/php-7.4.1+18/bin/win64/ext\php_imagick.dll (The specified module could not be found.), C:/Users/CJ/AppData/Local/Programs/Local/resources/extraResources/lightning-services/php-7.4.1+18/bin/win64/ext\php_php_imagick.dll.dll (The specified module could not be found.)) in Unknown on line 0
[25-May-2022 09:34:49 UTC] PHP Warning:  PHP Startup: Unable to load dynamic library 'php_imagick.dll' (tried: C:/Users/CJ/AppData/Local/Programs/Local/resources/extraResources/lightning-services/php-7.4.1+18/bin/win64/ext\php_imagick.dll (The specified module could not be found.), C:/Users/CJ/AppData/Local/Programs/Local/resources/extraResources/lightning-services/php-7.4.1+18/bin/win64/ext\php_php_imagick.dll.dll (The specified module could not be found.)) in Unknown on line 0
[25-May-2022 09:34:49 UTC] PHP Warning:  PHP Startup: Unable to load dynamic library 'php_imagick.dll' (tried: C:/Users/CJ/AppData/Local/Programs/Local/resources/extraResources/lightning-services/php-7.4.1+18/bin/win64/ext\php_imagick.dll (The specified module could not be found.), C:/Users/CJ/AppData/Local/Programs/Local/resources/extraResources/lightning-services/php-7.4.1+18/bin/win64/ext\php_php_imagick.dll.dll (The specified module could not be found.)) in Unknown on line 0
[25-May-2022 09:34:49 UTC] PHP Warning:  PHP Startup: Unable to load dynamic library 'php_imagick.dll' (tried: C:/Users/CJ/AppData/Local/Programs/Local/resources/extraResources/lightning-services/php-7.4.1+18/bin/win64/ext\php_imagick.dll (The specified module could not be found.), C:/Users/CJ/AppData/Local/Programs/Local/resources/extraResources/lightning-services/php-7.4.1+18/bin/win64/ext\php_php_imagick.dll.dll (The specified module could not be found.)) in Unknown on line 0
[25-May-2022 12:18:31 UTC] PHP Parse error:  syntax error, unexpected '$message' (T_VARIABLE) in C:\Users\CJ\Local Sites\christtestenv\app\public\wp-content\themes\twentytwentytwo\functions.php on line 72
[25-May-2022 12:19:01 UTC] PHP Parse error:  syntax error, unexpected '}' in C:\Users\CJ\Local Sites\christtestenv\app\public\wp-content\themes\twentytwentytwo\functions.php on line 83
[25-May-2022 12:19:01 UTC] PHP Parse error:  syntax error, unexpected '}' in C:\Users\CJ\Local Sites\christtestenv\app\public\wp-content\themes\twentytwentytwo\functions.php on line 83
[25-May-2022 12:19:01 UTC] PHP Parse error:  syntax error, unexpected '}' in C:\Users\CJ\Local Sites\christtestenv\app\public\wp-content\themes\twentytwentytwo\functions.php on line 83
[25-May-2022 12:19:01 UTC] PHP Parse error:  syntax error, unexpected '}' in C:\Users\CJ\Local Sites\christtestenv\app\public\wp-content\themes\twentytwentytwo\functions.php on line 83
[25-May-2022 12:19:02 UTC] PHP Parse error:  syntax error, unexpected '}' in C:\Users\CJ\Local Sites\christtestenv\app\public\wp-content\themes\twentytwentytwo\functions.php on line 83
[25-May-2022 12:19:02 UTC] PHP Parse error:  syntax error, unexpected '}' in C:\Users\CJ\Local Sites\christtestenv\app\public\wp-content\themes\twentytwentytwo\functions.php on line 83
[25-May-2022 12:19:02 UTC] PHP Parse error:  syntax error, unexpected '}' in C:\Users\CJ\Local Sites\christtestenv\app\public\wp-content\themes\twentytwentytwo\functions.php on line 83
[25-May-2022 12:19:02 UTC] PHP Parse error:  syntax error, unexpected '}' in C:\Users\CJ\Local Sites\christtestenv\app\public\wp-content\themes\twentytwentytwo\functions.php on line 83
[25-May-2022 12:19:15 UTC] PHP Fatal error:  Uncaught Error: Call to undefined function open() in C:\Users\CJ\Local Sites\christtestenv\app\public\wp-content\themes\twentytwentytwo\functions.php:76
Stack trace:
#0 C:\Users\CJ\Local Sites\christtestenv\app\public\wp-includes\class-wp-hook.php(309): log_when_saved(11)
#1 C:\Users\CJ\Local Sites\christtestenv\app\public\wp-includes\class-wp-hook.php(331): WP_Hook->apply_filters(NULL, Array)
#2 C:\Users\CJ\Local Sites\christtestenv\app\public\wp-includes\plugin.php(476): WP_Hook->do_action(Array)
#3 C:\Users\CJ\Local Sites\christtestenv\app\public\wp-includes\post.php(4673): do_action('save_post', 11, Object(WP_Post), false)
#4 C:\Users\CJ\Local Sites\christtestenv\app\public\wp-admin\includes\post.php(700): wp_insert_post(Array, false, false)
#5 C:\Users\CJ\Local Sites\christtestenv\app\public\wp-admin\post-new.php(66): get_default_post_to_edit('post', true)
#6 {main}
  thrown in C:\Users\CJ\Local Sites\christtestenv\app\public\wp-content\themes\twentytwentytwo\functions.php on line 76
[29-May-2022 14:47:09 UTC] PHP Warning:  PHP Startup: Unable to load dynamic library 'php_imagick.dll' (tried: C:/Users/CJ/AppData/Local/Programs/Local/resources/extraResources/lightning-services/php-7.4.1+18/bin/win64/ext\php_imagick.dll (The specified module could not be found.), C:/Users/CJ/AppData/Local/Programs/Local/resources/extraResources/lightning-services/php-7.4.1+18/bin/win64/ext\php_php_imagick.dll.dll (The specified module could not be found.)) in Unknown on line 0
[29-May-2022 14:47:10 UTC] PHP Warning:  PHP Startup: Unable to load dynamic library 'php_imagick.dll' (tried: C:/Users/CJ/AppData/Local/Programs/Local/resources/extraResources/lightning-services/php-7.4.1+18/bin/win64/ext\php_imagick.dll (The specified module could not be found.), C:/Users/CJ/AppData/Local/Programs/Local/resources/extraResources/lightning-services/php-7.4.1+18/bin/win64/ext\php_php_imagick.dll.dll (The specified module could not be found.)) in Unknown on line 0
[29-May-2022 14:47:10 UTC] PHP Warning:  PHP Startup: Unable to load dynamic library 'php_imagick.dll' (tried: C:/Users/CJ/AppData/Local/Programs/Local/resources/extraResources/lightning-services/php-7.4.1+18/bin/win64/ext\php_imagick.dll (The specified module could not be found.), C:/Users/CJ/AppData/Local/Programs/Local/resources/extraResources/lightning-services/php-7.4.1+18/bin/win64/ext\php_php_imagick.dll.dll (The specified module could not be found.)) in Unknown on line 0
[29-May-2022 14:47:10 UTC] PHP Warning:  PHP Startup: Unable to load dynamic library 'php_imagick.dll' (tried: C:/Users/CJ/AppData/Local/Programs/Local/resources/extraResources/lightning-services/php-7.4.1+18/bin/win64/ext\php_imagick.dll (The specified module could not be found.), C:/Users/CJ/AppData/Local/Programs/Local/resources/extraResources/lightning-services/php-7.4.1+18/bin/win64/ext\php_php_imagick.dll.dll (The specified module could not be found.)) in Unknown on line 0
